<?xml version="1.0" encoding="UTF-8"?>
<!-- Generated by org.testng.reporters.JUnitXMLReporter -->
<testsuite hostname="WIN-0VQ836SOU5T" ignored="1" name="Default test" tests="14" failures="0" timestamp="2022-09-26T22:02:32 IST" time="0.186" errors="0">
  <testcase name="@BeforeSuite beforeSuite" time="6.588" classname="PrasadProject.Bankproj.Base.Base1">
    <failure type="org.openqa.selenium.SessionNotCreatedException" message="Could not start a new session. Response code 500. Message: session not created: This version of ChromeDriver only supports Chrome version 106
Current browser version is 105.0.5195.127 with binary path C:\Program Files\Google\Chrome\Application\chrome.exe
Build info: version: &amp;apos;4.1.2&amp;apos;, revision: &amp;apos;9a5a329c5a&amp;apos;
System info: host: &amp;apos;WIN-0VQ836SOU5T&amp;apos;, ip: &amp;apos;192.168.1.18&amp;apos;, os.name: &amp;apos;Windows Server 2019&amp;apos;, os.arch: &amp;apos;amd64&amp;apos;, os.version: &amp;apos;10.0&amp;apos;, java.version: &amp;apos;1.8.0_321&amp;apos;
Driver info: org.openqa.selenium.chrome.ChromeDriver
Command: [null, newSession {capabilities=[Capabilities {browserName: chrome, goog:chromeOptions: {args: [], extensions: []}}], desiredCapabilities=Capabilities {browserName: chrome, goog:chromeOptions: {args: [], extensions: []}}}]">
      <![CDATA[org.openqa.selenium.SessionNotCreatedException: Could not start a new session. Response code 500. Message: session not created: This version of ChromeDriver only supports Chrome version 106
Current browser version is 105.0.5195.127 with binary path C:\Program Files\Google\Chrome\Application\chrome.exe
Build info: version: '4.1.2', revision: '9a5a329c5a'
System info: host: 'WIN-0VQ836SOU5T', ip: '192.168.1.18', os.name: 'Windows Server 2019', os.arch: 'amd64', os.version: '10.0', java.version: '1.8.0_321'
Driver info: org.openqa.selenium.chrome.ChromeDriver
Command: [null, newSession {capabilities=[Capabilities {browserName: chrome, goog:chromeOptions: {args: [], extensions: []}}], desiredCapabilities=Capabilities {browserName: chrome, goog:chromeOptions: {args: [], extensions: []}}}]
at org.openqa.selenium.remote.ProtocolHandshake.createSession(ProtocolHandshake.java:126)
at org.openqa.selenium.remote.ProtocolHandshake.createSession(ProtocolHandshake.java:84)
at org.openqa.selenium.remote.ProtocolHandshake.createSession(ProtocolHandshake.java:62)
at org.openqa.selenium.remote.HttpCommandExecutor.execute(HttpCommandExecutor.java:156)
at org.openqa.selenium.remote.service.DriverCommandExecutor.invokeExecute(DriverCommandExecutor.java:167)
at org.openqa.selenium.remote.service.DriverCommandExecutor.execute(DriverCommandExecutor.java:142)
at org.openqa.selenium.remote.RemoteWebDriver.execute(RemoteWebDriver.java:558)
at org.openqa.selenium.remote.RemoteWebDriver.startSession(RemoteWebDriver.java:245)
at org.openqa.selenium.remote.RemoteWebDriver.<init>(RemoteWebDriver.java:161)
at org.openqa.selenium.chromium.ChromiumDriver.<init>(ChromiumDriver.java:108)
at org.openqa.selenium.chrome.ChromeDriver.<init>(ChromeDriver.java:106)
at org.openqa.selenium.chrome.ChromeDriver.<init>(ChromeDriver.java:93)
at org.openqa.selenium.chrome.ChromeDriver.<init>(ChromeDriver.java:48)
at PrasadProject.Bankproj.Base.Base1.beforeSuite(Base1.java:39)
at sun.reflect.NativeMethodAccessorImpl.invoke0(Native Method)
at sun.reflect.NativeMethodAccessorImpl.invoke(Unknown Source)
at sun.reflect.DelegatingMethodAccessorImpl.invoke(Unknown Source)
at java.lang.reflect.Method.invoke(Unknown Source)
at org.testng.internal.MethodInvocationHelper.invokeMethod(MethodInvocationHelper.java:133)
at org.testng.internal.MethodInvocationHelper.invokeMethodConsideringTimeout(MethodInvocationHelper.java:62)
at org.testng.internal.ConfigInvoker.invokeConfigurationMethod(ConfigInvoker.java:385)
at org.testng.internal.ConfigInvoker.invokeConfigurations(ConfigInvoker.java:321)
at org.testng.SuiteRunner.privateRun(SuiteRunner.java:317)
at org.testng.SuiteRunner.run(SuiteRunner.java:276)
at org.testng.SuiteRunnerWorker.runSuite(SuiteRunnerWorker.java:53)
at org.testng.SuiteRunnerWorker.run(SuiteRunnerWorker.java:96)
at org.testng.TestNG.runSuitesSequentially(TestNG.java:1212)
at org.testng.TestNG.runSuitesLocally(TestNG.java:1134)
at org.testng.TestNG.runSuites(TestNG.java:1063)
at org.testng.TestNG.run(TestNG.java:1031)
at org.testng.remote.AbstractRemoteTestNG.run(AbstractRemoteTestNG.java:115)
at org.testng.remote.RemoteTestNG.initAndRun(RemoteTestNG.java:251)
at org.testng.remote.RemoteTestNG.main(RemoteTestNG.java:77)
]]>
    </failure>
  </testcase> <!-- @BeforeSuite beforeSuite -->
  <testcase name="login" time="0.0" classname="PrasadProject.Bankproj.Base.Final">
    <skipped/>
  </testcase> <!-- login -->
  <testcase name="Newcustomer" time="0.0" classname="PrasadProject.Bankproj.Base.Final">
    <skipped/>
  </testcase> <!-- Newcustomer -->
  <testcase name="EditCustomer" time="0.0" classname="PrasadProject.Bankproj.Base.Final">
    <skipped/>
  </testcase> <!-- EditCustomer -->
  <testcase name="DeleteCustomer" time="0.0" classname="PrasadProject.Bankproj.Base.Final">
    <skipped/>
  </testcase> <!-- DeleteCustomer -->
  <testcase name="NewAccount" time="0.0" classname="PrasadProject.Bankproj.Base.Final">
    <skipped/>
  </testcase> <!-- NewAccount -->
  <testcase name="EditAccount" time="0.0" classname="PrasadProject.Bankproj.Base.Final">
    <skipped/>
  </testcase> <!-- EditAccount -->
  <testcase name="DeleteAccount" time="0.0" classname="PrasadProject.Bankproj.Base.Final">
    <skipped/>
  </testcase> <!-- DeleteAccount -->
  <testcase name="Deposit" time="0.0" classname="PrasadProject.Bankproj.Base.Final">
    <skipped/>
  </testcase> <!-- Deposit -->
  <testcase name="withdrawal" time="0.0" classname="PrasadProject.Bankproj.Base.Final">
    <skipped/>
  </testcase> <!-- withdrawal -->
  <testcase name="FundTransfer" time="0.0" classname="PrasadProject.Bankproj.Base.Final">
    <skipped/>
  </testcase> <!-- FundTransfer -->
  <testcase name="BalanceEnquiry" time="0.0" classname="PrasadProject.Bankproj.Base.Final">
    <skipped/>
  </testcase> <!-- BalanceEnquiry -->
  <testcase name="MiniStatement" time="0.0" classname="PrasadProject.Bankproj.Base.Final">
    <skipped/>
  </testcase> <!-- MiniStatement -->
  <testcase name="CustomisedStatement" time="0.0" classname="PrasadProject.Bankproj.Base.Final">
    <skipped/>
  </testcase> <!-- CustomisedStatement -->
  <testcase name="Log_out" time="0.0" classname="PrasadProject.Bankproj.Base.Final">
    <skipped/>
  </testcase> <!-- Log_out -->
  <testcase name="ChangePassword" time="0.0" classname="PrasadProject.Bankproj.Base.Final">
    <ignored/>
  </testcase> <!-- ChangePassword -->
</testsuite> <!-- Default test -->
