<?xml version="1.0" encoding="UTF-8"?>
<!-- Generated by org.testng.reporters.JUnitReportReporter -->
<testsuite skipped="15" hostname="WIN-0VQ836SOU5T" name="PrasadProject.Bankproj.Base.Final" tests="16" failures="0" timestamp="2022-09-26T22:02:32 IST" time="6.588" errors="1">
  <testcase name="beforeSuite" time="6.588" classname="PrasadProject.Bankproj.Base.Final">
    <error type="org.openqa.selenium.SessionNotCreatedException" message="Could not start a new session. Response code 500. Message: session not created: This version of ChromeDriver only supports Chrome version 106
Current browser version is 105.0.5195.127 with binary path C:\Program Files\Google\Chrome\Application\chrome.exe
Build info: version: &#039;4.1.2&#039;, revision: &#039;9a5a329c5a&#039;
System info: host: &#039;WIN-0VQ836SOU5T&#039;, ip: &#039;192.168.1.18&#039;, os.name: &#039;Windows Server 2019&#039;, os.arch: &#039;amd64&#039;, os.version: &#039;10.0&#039;, java.version: &#039;1.8.0_321&#039;
Driver info: org.openqa.selenium.chrome.ChromeDriver
Command: [null, newSession {capabilities=[Capabilities {browserName: chrome, goog:chromeOptions: {args: [], extensions: []}}], desiredCapabilities=Capabilities {browserName: chrome, goog:chromeOptions: {args: [], extensions: []}}}]">
      <![CDATA[org.openqa.selenium.SessionNotCreatedException: Could not start a new session. Response code 500. Message: session not created: This version of ChromeDriver only supports Chrome version 106
Current browser version is 105.0.5195.127 with binary path C:\Program Files\Google\Chrome\Application\chrome.exe
Build info: version: '4.1.2', revision: '9a5a329c5a'
System info: host: 'WIN-0VQ836SOU5T', ip: '192.168.1.18', os.name: 'Windows Server 2019', os.arch: 'amd64', os.version: '10.0', java.version: '1.8.0_321'
Driver info: org.openqa.selenium.chrome.ChromeDriver
Command: [null, newSession {capabilities=[Capabilities {browserName: chrome, goog:chromeOptions: {args: [], extensions: []}}], desiredCapabilities=Capabilities {browserName: chrome, goog:chromeOptions: {args: [], extensions: []}}}]
at org.openqa.selenium.remote.ProtocolHandshake.createSession(ProtocolHandshake.java:126)
at org.openqa.selenium.remote.ProtocolHandshake.createSession(ProtocolHandshake.java:84)
at org.openqa.selenium.remote.ProtocolHandshake.createSession(ProtocolHandshake.java:62)
at org.openqa.selenium.remote.HttpCommandExecutor.execute(HttpCommandExecutor.java:156)
at org.openqa.selenium.remote.service.DriverCommandExecutor.invokeExecute(DriverCommandExecutor.java:167)
at org.openqa.selenium.remote.service.DriverCommandExecutor.execute(DriverCommandExecutor.java:142)
at org.openqa.selenium.remote.RemoteWebDriver.execute(RemoteWebDriver.java:558)
at org.openqa.selenium.remote.RemoteWebDriver.startSession(RemoteWebDriver.java:245)
at org.openqa.selenium.remote.RemoteWebDriver.<init>(RemoteWebDriver.java:161)
at org.openqa.selenium.chromium.ChromiumDriver.<init>(ChromiumDriver.java:108)
at org.openqa.selenium.chrome.ChromeDriver.<init>(ChromeDriver.java:106)
at org.openqa.selenium.chrome.ChromeDriver.<init>(ChromeDriver.java:93)
at org.openqa.selenium.chrome.ChromeDriver.<init>(ChromeDriver.java:48)
at PrasadProject.Bankproj.Base.Base1.beforeSuite(Base1.java:39)
at sun.reflect.NativeMethodAccessorImpl.invoke0(Native Method)
at sun.reflect.NativeMethodAccessorImpl.invoke(Unknown Source)
at sun.reflect.DelegatingMethodAccessorImpl.invoke(Unknown Source)
at java.lang.reflect.Method.invoke(Unknown Source)
at org.testng.internal.MethodInvocationHelper.invokeMethod(MethodInvocationHelper.java:133)
at org.testng.internal.MethodInvocationHelper.invokeMethodConsideringTimeout(MethodInvocationHelper.java:62)
at org.testng.internal.ConfigInvoker.invokeConfigurationMethod(ConfigInvoker.java:385)
at org.testng.internal.ConfigInvoker.invokeConfigurations(ConfigInvoker.java:321)
at org.testng.SuiteRunner.privateRun(SuiteRunner.java:317)
at org.testng.SuiteRunner.run(SuiteRunner.java:276)
at org.testng.SuiteRunnerWorker.runSuite(SuiteRunnerWorker.java:53)
at org.testng.SuiteRunnerWorker.run(SuiteRunnerWorker.java:96)
at org.testng.TestNG.runSuitesSequentially(TestNG.java:1212)
at org.testng.TestNG.runSuitesLocally(TestNG.java:1134)
at org.testng.TestNG.runSuites(TestNG.java:1063)
at org.testng.TestNG.run(TestNG.java:1031)
at org.testng.remote.AbstractRemoteTestNG.run(AbstractRemoteTestNG.java:115)
at org.testng.remote.RemoteTestNG.initAndRun(RemoteTestNG.java:251)
at org.testng.remote.RemoteTestNG.main(RemoteTestNG.java:77)
]]>
    </error>
  </testcase> <!-- beforeSuite -->
  <system-out/>
  <testcase name="login" time="0.000" classname="PrasadProject.Bankproj.Base.Final">
    <skipped/>
  </testcase> <!-- login -->
  <system-out/>
  <testcase name="Newcustomer" time="0.000" classname="PrasadProject.Bankproj.Base.Final">
    <skipped/>
  </testcase> <!-- Newcustomer -->
  <system-out/>
  <testcase name="EditCustomer" time="0.000" classname="PrasadProject.Bankproj.Base.Final">
    <skipped/>
  </testcase> <!-- EditCustomer -->
  <system-out/>
  <testcase name="DeleteCustomer" time="0.000" classname="PrasadProject.Bankproj.Base.Final">
    <skipped/>
  </testcase> <!-- DeleteCustomer -->
  <system-out/>
  <testcase name="NewAccount" time="0.000" classname="PrasadProject.Bankproj.Base.Final">
    <skipped/>
  </testcase> <!-- NewAccount -->
  <system-out/>
  <testcase name="EditAccount" time="0.000" classname="PrasadProject.Bankproj.Base.Final">
    <skipped/>
  </testcase> <!-- EditAccount -->
  <system-out/>
  <testcase name="DeleteAccount" time="0.000" classname="PrasadProject.Bankproj.Base.Final">
    <skipped/>
  </testcase> <!-- DeleteAccount -->
  <system-out/>
  <testcase name="Deposit" time="0.000" classname="PrasadProject.Bankproj.Base.Final">
    <skipped/>
  </testcase> <!-- Deposit -->
  <system-out/>
  <testcase name="withdrawal" time="0.000" classname="PrasadProject.Bankproj.Base.Final">
    <skipped/>
  </testcase> <!-- withdrawal -->
  <system-out/>
  <testcase name="FundTransfer" time="0.000" classname="PrasadProject.Bankproj.Base.Final">
    <skipped/>
  </testcase> <!-- FundTransfer -->
  <system-out/>
  <testcase name="BalanceEnquiry" time="0.000" classname="PrasadProject.Bankproj.Base.Final">
    <skipped/>
  </testcase> <!-- BalanceEnquiry -->
  <system-out/>
  <testcase name="MiniStatement" time="0.000" classname="PrasadProject.Bankproj.Base.Final">
    <skipped/>
  </testcase> <!-- MiniStatement -->
  <system-out/>
  <testcase name="CustomisedStatement" time="0.000" classname="PrasadProject.Bankproj.Base.Final">
    <skipped/>
  </testcase> <!-- CustomisedStatement -->
  <system-out/>
  <testcase name="Log_out" time="0.000" classname="PrasadProject.Bankproj.Base.Final">
    <skipped/>
  </testcase> <!-- Log_out -->
  <system-out/>
  <testcase name="ChangePassword" classname="PrasadProject.Bankproj.Base.Final">
    <skipped/>
  </testcase> <!-- ChangePassword -->
  <system-out/>
</testsuite> <!-- PrasadProject.Bankproj.Base.Final -->
